Flutter crash report; please file at https://github.com/flutter/flutter/issues.

## command

flutter pub get

## exception

FileSystemException: FileSystemException: Cannot retrieve modification time, path = '/Users/azamiftikhar/Sites/project/exampal/exampal/pubspec.yaml' (OS Error: No such file or directory, errno = 2)

```
#0      _File.throwIfError (dart:io/file_impl.dart:645:7)
#1      _File.lastModifiedSync (dart:io/file_impl.dart:449:5)
#2      ForwardingFile.lastModifiedSync (package:file/src/forwarding/forwarding_file.dart:55:43)
#3      ForwardingFile.lastModifiedSync (package:file/src/forwarding/forwarding_file.dart:55:43)
#4      _DefaultPub.get (package:flutter_tools/src/dart/pub.dart:196:21)
#5      _rootRunUnary (dart:async/zone.dart:1192:38)
#6      _CustomZone.runUnary (dart:async/zone.dart:1085:19)
#7      _FutureListener.handleValue (dart:async/future_impl.dart:141:18)
#8      Future._propagateToListeners.handleValueCallback (dart:async/future_impl.dart:682:45)
#9      Future._propagateToListeners (dart:async/future_impl.dart:711:32)
#10     Future._completeWithValue (dart:async/future_impl.dart:526:5)
#11     _AsyncAwaitCompleter.complete (dart:async-patch/async_patch.dart:36:15)
#12     _completeOnAsyncReturn (dart:async-patch/async_patch.dart:298:13)
#13     _DefaultPub.batch (package:flutter_tools/src/dart/pub.dart)
#14     _rootRunUnary (dart:async/zone.dart:1192:38)
#15     _CustomZone.runUnary (dart:async/zone.dart:1085:19)
#16     _FutureListener.handleValue (dart:async/future_impl.dart:141:18)
#17     Future._propagateToListeners.handleValueCallback (dart:async/future_impl.dart:682:45)
#18     Future._propagateToListeners (dart:async/future_impl.dart:711:32)
#19     Future._completeWithValue (dart:async/future_impl.dart:526:5)
#20     _AsyncAwaitCompleter.complete (dart:async-patch/async_patch.dart:36:15)
#21     _completeOnAsyncReturn (dart:async-patch/async_patch.dart:298:13)
#22     _DefaultProcessUtils.stream (package:flutter_tools/src/base/process.dart)
#23     _rootRunUnary (dart:async/zone.dart:1192:38)
#24     _CustomZone.runUnary (dart:async/zone.dart:1085:19)
#25     _FutureListener.handleValue (dart:async/future_impl.dart:141:18)
#26     Future._propagateToListeners.handleValueCallback (dart:async/future_impl.dart:682:45)
#27     Future._propagateToListeners (dart:async/future_impl.dart:711:32)
#28     Future._completeWithValue (dart:async/future_impl.dart:526:5)
#29     Future._asyncComplete.<anonymous closure> (dart:async/future_impl.dart:556:7)
#30     _rootRun (dart:async/zone.dart:1184:13)
#31     _CustomZone.run (dart:async/zone.dart:1077:19)
#32     _CustomZone.runGuarded (dart:async/zone.dart:979:7)
#33     _CustomZone.bindCallbackGuarded.<anonymous closure> (dart:async/zone.dart:1019:23)
#34     _microtaskLoop (dart:async/schedule_microtask.dart:43:21)
#35     _startMicrotaskLoop (dart:async/schedule_microtask.dart:52:5)
#36     _runPendingImmediateCallback (dart:isolate-patch/isolate_patch.dart:118:13)
#37     _RawReceivePortImpl._handleMessage (dart:isolate-patch/isolate_patch.dart:169:5)
```

## flutter doctor

```
[✓] Flutter (Channel stable, v1.17.0, on Mac OS X 10.15.3 19D76, locale en-IN)
    • Flutter version 1.17.0 at /Users/azamiftikhar/Developer/flutter
    • Framework revision e6b34c2b5c (13 days ago), 2020-05-02 11:39:18 -0700
    • Engine revision 540786dd51
    • Dart version 2.8.1

[!] Android toolchain - develop for Android devices (Android SDK version 29.0.2)
    • Android SDK at /Users/azamiftikhar/Library/Android/sdk
    • Platform android-29, build-tools 29.0.2
    • ANDROID_HOME = /Users/azamiftikhar/Library/Android/sdk
    • Java binary at: /Applications/Android Studio.app/Contents/jre/jdk/Contents/Home/bin/java
    • Java version OpenJDK Runtime Environment (build 1.8.0_202-release-1483-b49-5587405)
    ! Some Android licenses not accepted.  To resolve this, run: flutter doctor --android-licenses

[✓] Xcode - develop for iOS and macOS (Xcode 11.4.1)
    • Xcode at /Applications/Xcode.app/Contents/Developer
    • Xcode 11.4.1, Build version 11E503a
    • CocoaPods version 1.9.1

[✓] Android Studio (version 3.5)
    • Android Studio at /Applications/Android Studio.app/Contents
    • Flutter plugin version 44.0.1
    • Dart plugin version 191.8593
    • Java version OpenJDK Runtime Environment (build 1.8.0_202-release-1483-b49-5587405)

[✓] VS Code (version 1.45.0)
    • VS Code at /Applications/Visual Studio Code.app/Contents
    • Flutter extension version 3.10.1

[✓] Connected device (1 available)
    • iPhone SE (2nd generation) • 483BB5C7-DD6A-427F-92AC-7EE0FE020BE4 • ios • com.apple.CoreSimulator.SimRuntime.iOS-13-4 (simulator)

! Doctor found issues in 1 category.
```
